"user","node","ts","ds","model","acc","auc","cor","str","user.1","elapsed"
NA,NA,NA,NA,NA,NA,NA,NA,NA,NA,NA
"zedoul","Seonghyuns-MacBook-Air.local",2015-03-28 17:28:51,"weather","rpart",0.8182,0.7872,NA,NA,0.34,0.37
"zedoul","Seonghyuns-MacBook-Air.local",2015-03-28 17:28:51,"weather","rpart",0.8182,0.686,NA,NA,0.05,0.05
"zedoul","Seonghyuns-MacBook-Air.local",2015-03-28 17:28:51,"weather","rpart",0.8273,0.7916,NA,NA,0.04,0.04
"zedoul","Seonghyuns-MacBook-Air.local",2015-03-28 17:28:51,"weather","rpart",0.7818,0.6259,NA,NA,0.04,0.04
"zedoul","Seonghyuns-MacBook-Air.local",2015-03-28 17:28:51,"weather","rpart",0.8364,0.667,NA,NA,0.04,0.05
"zedoul","Seonghyuns-MacBook-Air.local",2015-03-28 17:28:51,"weather","rpart",0.8182,0.7493,NA,NA,0.04,0.04
"zedoul","Seonghyuns-MacBook-Air.local",2015-03-28 17:28:51,"weather","rpart",0.8091,0.7366,NA,NA,0.13,0.13
"zedoul","Seonghyuns-MacBook-Air.local",2015-03-28 17:28:51,"weather","rpart",0.8273,0.8661,NA,NA,0.03,0.03
"zedoul","Seonghyuns-MacBook-Air.local",2015-03-28 17:28:51,"weather","rpart",0.8091,0.6295,NA,NA,0.03,0.04
"zedoul","Seonghyuns-MacBook-Air.local",2015-03-28 17:28:51,"weather","rpart",0.8,0.7008,NA,NA,0.03,0.04
"zedoul","Seonghyuns-MacBook-Air.local",2015-03-28 17:28:51,"weather","randomForest",0.8182,0.9178,NA,NA,0.36,0.37
"zedoul","Seonghyuns-MacBook-Air.local",2015-03-28 17:28:52,"weather","randomForest",0.8273,0.9467,NA,NA,0.38,0.39
"zedoul","Seonghyuns-MacBook-Air.local",2015-03-28 17:28:52,"weather","randomForest",0.7909,0.9151,NA,NA,0.27,0.28
"zedoul","Seonghyuns-MacBook-Air.local",2015-03-28 17:28:52,"weather","randomForest",0.7182,0.8185,NA,NA,0.27,0.28
"zedoul","Seonghyuns-MacBook-Air.local",2015-03-28 17:28:53,"weather","randomForest",0.7273,0.8459,NA,NA,0.27,0.28
"zedoul","Seonghyuns-MacBook-Air.local",2015-03-28 17:28:53,"weather","randomForest",0.7364,0.7852,NA,NA,0.26,0.27
"zedoul","Seonghyuns-MacBook-Air.local",2015-03-28 17:28:53,"weather","randomForest",0.7636,0.7872,NA,NA,0.25,0.26
"zedoul","Seonghyuns-MacBook-Air.local",2015-03-28 17:28:53,"weather","randomForest",0.7818,0.6732,NA,NA,0.16,0.16
"zedoul","Seonghyuns-MacBook-Air.local",2015-03-28 17:28:54,"weather","randomForest",0.7727,0.8629,NA,NA,0.25,0.26
"zedoul","Seonghyuns-MacBook-Air.local",2015-03-28 17:28:54,"weather","randomForest",0.7818,0.8135,NA,NA,0.17,0.18
"zedoul","Seonghyuns-MacBook-Air.local",2015-03-28 17:28:55,"weather","ada",0.8364,0.8165,NA,NA,1.43,1.47
"zedoul","Seonghyuns-MacBook-Air.local",2015-03-28 17:28:57,"weather","ada",0.8727,0.8095,NA,NA,1.65,1.8
"zedoul","Seonghyuns-MacBook-Air.local",2015-03-28 17:28:59,"weather","ada",0.8545,0.7898,NA,NA,1.6,1.66
"zedoul","Seonghyuns-MacBook-Air.local",2015-03-28 17:29:00,"weather","ada",0.8636,0.8034,NA,NA,1.43,1.46
"zedoul","Seonghyuns-MacBook-Air.local",2015-03-28 17:29:02,"weather","ada",0.8727,0.8336,NA,NA,1.35,1.37
"zedoul","Seonghyuns-MacBook-Air.local",2015-03-28 17:29:03,"weather","ada",0.8455,0.8134,NA,NA,1.4,1.41
"zedoul","Seonghyuns-MacBook-Air.local",2015-03-28 17:29:04,"weather","ada",0.8273,0.8294,NA,NA,1.41,1.46
"zedoul","Seonghyuns-MacBook-Air.local",2015-03-28 17:29:06,"weather","ada",0.7909,0.834,NA,NA,1.6,1.73
"zedoul","Seonghyuns-MacBook-Air.local",2015-03-28 17:29:08,"weather","ada",0.8,0.8544,NA,NA,1.44,1.46
"zedoul","Seonghyuns-MacBook-Air.local",2015-03-28 17:29:09,"weather","ada",0.8182,0.8285,NA,NA,1.44,1.47
"zedoul","Seonghyuns-MacBook-Air.local",2015-03-28 17:29:09,"weather","ctree",0.8,0.7578,NA,NA,0.1,0.12
"zedoul","Seonghyuns-MacBook-Air.local",2015-03-28 17:29:09,"weather","ctree",0.7727,0.7209,NA,NA,0.08,0.08
"zedoul","Seonghyuns-MacBook-Air.local",2015-03-28 17:29:09,"weather","ctree",0.8727,0.8253,NA,NA,0.1,0.11
"zedoul","Seonghyuns-MacBook-Air.local",2015-03-28 17:29:10,"weather","ctree",0.8364,0.7122,NA,NA,0.1,0.1
"zedoul","Seonghyuns-MacBook-Air.local",2015-03-28 17:29:10,"weather","ctree",0.8273,0.7811,NA,NA,0.09,0.09
"zedoul","Seonghyuns-MacBook-Air.local",2015-03-28 17:29:10,"weather","ctree",0.8727,0.7487,NA,NA,0.1,0.1
"zedoul","Seonghyuns-MacBook-Air.local",2015-03-28 17:29:10,"weather","ctree",0.7727,0.7061,NA,NA,0.09,0.1
"zedoul","Seonghyuns-MacBook-Air.local",2015-03-28 17:29:10,"weather","ctree",0.8364,0.7986,NA,NA,0.09,0.09
"zedoul","Seonghyuns-MacBook-Air.local",2015-03-28 17:29:10,"weather","ctree",0.8273,0.7322,NA,NA,0.08,0.08
"zedoul","Seonghyuns-MacBook-Air.local",2015-03-28 17:29:10,"weather","ctree",0.8455,0.7494,NA,NA,0.08,0.08
